Строка 1, позиция 3 : найдено )
Строка 2, позиция 4 : найдено )
Строка 3, позиция 1 : найдено (
Строка 4, позиция 1 : найдено ))
Строка 5, позиция 2 : найдено )
Строка 6, позиция 1 : найдено )))
Строка 1, позиция 3 : найдено )
Строка 2, позиция 4 : найдено )
Строка 3, позиция 1 : найдено (
Строка 4, позиция 1 : найдено ))
Строка 5, позиция 2 : найдено )
Строка 6, позиция 1 : найдено )))
Файл D:\PythonLabs\Lab3\smiley.txt был обработан 24.04.2022 17:31:42:
Строка 1, позиция 3 : найдено )
Строка 2, позиция 4 : найдено )
Строка 3, позиция 1 : найдено (
Строка 4, позиция 1 : найдено ))
Строка 5, позиция 2 : найдено )
Строка 6, позиция 1 : найдено )))
Файл D:\PythonLabs\Lab3\smiley.txt был обработан 27.04.2022 10:16:33:
Строка 1, позиция 3 : найдено )
Строка 2, позиция 4 : найдено )
Строка 3, позиция 1 : найдено (
Строка 4, позиция 1 : найдено ))
Строка 5, позиция 2 : найдено )
Строка 6, позиция 1 : найдено )))
